Arguments: 
  /usr/local/bin/node /usr/local/Cellar/yarn/1.12.3/libexec/bin/yarn.js add babel

PATH: 
  /usr/local/bin:/usr/bin:/bin:/usr/sbin:/sbin:/usr/local/go/bin:/Users/fuguanwen/.composer/vendor/bin:/usr/local/go/bin:/Users/fuguanwen/.composer/vendor/bin

Yarn version: 
  1.12.3

Node version: 
  11.12.0

Platform: 
  darwin x64

Trace: 
  Error: EINVAL: invalid argument, unlink '/Users/fuguanwen/vue/node_modules/babel-code-frame/node_modules/js-tokens'

npm manifest: 
  {
    "name": "vue",
    "version": "1.0.0",
    "description": "",
    "main": "index.js",
    "scripts": {
      "test": "echo \"Error: no test specified\" && exit 1",
      "dev": "webpack-dev-server --open --config build/webpack.config.js"
    },
    "author": "",
    "license": "ISC",
    "devDependencies": {
      "@babel/core": "^7.5.5",
      "babel-loader": "^8.0.6",
      "babel-plugin-transform-runtime": "^6.23.0",
      "babel-preset-es2015": "^6.24.1",
      "babel-preset-es2017": "^6.24.1",
      "babel-runtime": "^6.26.0",
      "css-loader": "^3.1.0",
      "extract-text-webpack-plugin": "^4.0.0-beta.0",
      "style-loader": "^0.23.1",
      "vue-hot-reload-api": "^2.3.3",
      "vue-loader": "^15.7.1",
      "vue-style-loader": "^4.1.2",
      "vue-template-compiler": "^2.6.10",
      "webpack": "^4.38.0",
      "webpack-cli": "^3.3.6",
      "webpack-dev-server": "^3.7.2"
    },
    "dependencies": {
      "vue": "^2.6.10"
    }
  }

yarn manifest: 
  No manifest

Lockfile: 
  No lockfile
